<?xml version="1.0" encoding="UTF-8"?>
<!-- Generated by org.testng.reporters.JUnitReportReporter -->
<testsuite hostname="DESKTOP-CM623GF" failures="0" tests="1" name="Vipitch.PurchaseVideoF" time="14.374" errors="0" timestamp="2023-01-24T18:04:52 IST" skipped="0">
  <testcase classname="Vipitch.PurchaseVideoF" name="modify" time="14.374"/>
  <system-out/>
</testsuite> <!-- Vipitch.PurchaseVideoF -->
