<?xml version="1.0" encoding="UTF-8"?>
<!-- Generated by org.testng.reporters.JUnitReportReporter -->
<testsuite hostname="DESKTOP-CM623GF" failures="0" tests="1" name="vidpitch.CheckGIF" time="6.301" errors="0" timestamp="2023-01-27T17:44:04 IST" skipped="0">
  <testcase classname="vidpitch.CheckGIF" name="checkVideo" time="6.301"/>
  <system-out/>
</testsuite> <!-- vidpitch.CheckGIF -->
