<?xml version="1.0" encoding="UTF-8"?>
<!-- Generated by org.testng.reporters.JUnitReportReporter -->
<testsuite hostname="DESKTOP-CM623GF" failures="0" tests="1" name="vidpitch.CheckGIFF" time="12.697" errors="0" timestamp="2023-01-30T18:19:09 IST" skipped="0">
  <testcase classname="vidpitch.CheckGIFF" name="checkVideo" time="12.697"/>
  <system-out/>
</testsuite> <!-- vidpitch.CheckGIFF -->
