<?xml version="1.0" encoding="UTF-8"?>
<!-- Generated by org.testng.reporters.JUnitReportReporter -->
<testsuite hostname="DESKTOP-CM623GF" failures="0" tests="1" name="vidpitch.CheckGIFF" time="11.550" errors="0" timestamp="2023-02-02T15:21:09 IST" skipped="0">
  <testcase classname="vidpitch.CheckGIFF" name="checkVideo" time="11.550"/>
  <system-out/>
</testsuite> <!-- vidpitch.CheckGIFF -->
