<?xml version="1.0" encoding="UTF-8"?>
<!-- Generated by org.testng.reporters.JUnitReportReporter -->
<testsuite hostname="DESKTOP-CM623GF" failures="0" tests="1" name="vidpitch.LoginF" time="14.866" errors="0" timestamp="2023-01-30T18:19:09 IST" skipped="0">
  <testcase classname="vidpitch.LoginF" name="test" time="14.866"/>
  <system-out/>
</testsuite> <!-- vidpitch.LoginF -->
