<?xml version="1.0" encoding="UTF-8"?>
<!-- Generated by org.testng.reporters.JUnitReportReporter -->
<testsuite hostname="DESKTOP-CM623GF" failures="0" tests="1" name="vidpitch.ModifyVideo" time="98.533" errors="0" timestamp="2023-01-27T17:27:30 IST" skipped="0">
  <testcase classname="vidpitch.ModifyVideo" name="modify" time="98.533"/>
  <system-out/>
</testsuite> <!-- vidpitch.ModifyVideo -->
