<?xml version="1.0" encoding="UTF-8"?>
<!-- Generated by org.testng.reporters.JUnitReportReporter -->
<testsuite hostname="DESKTOP-CM623GF" failures="0" tests="1" name="vidpitch.VideolistingF" time="19.149" errors="0" timestamp="2023-02-02T15:21:09 IST" skipped="0">
  <testcase classname="vidpitch.VideolistingF" name="checkVideo" time="19.149"/>
  <system-out/>
</testsuite> <!-- vidpitch.VideolistingF -->
