<?xml version="1.0" encoding="UTF-8"?>
<!-- Generated by org.testng.reporters.JUnitReportReporter -->
<testsuite hostname="DESKTOP-CM623GF" failures="0" tests="1" name="vidpitch.VideolistingF" time="22.308" errors="0" timestamp="2023-02-03T15:28:24 IST" skipped="0">
  <testcase classname="vidpitch.VideolistingF" name="checkVideof" time="22.308"/>
  <system-out/>
</testsuite> <!-- vidpitch.VideolistingF -->
