<?xml version="1.0" encoding="UTF-8"?>
<!-- Generated by org.testng.reporters.JUnitReportReporter -->
<testsuite hostname="DESKTOP-CM623GF" failures="0" tests="1" name="vidpitch.Videolisting" time="15.723" errors="0" timestamp="2023-01-27T17:44:04 IST" skipped="0">
  <testcase classname="vidpitch.Videolisting" name="checkVideo" time="15.723"/>
  <system-out/>
</testsuite> <!-- vidpitch.Videolisting -->
