<?xml version="1.0" encoding="UTF-8"?>
<!-- Generated by org.testng.reporters.JUnitReportReporter -->
<testsuite hostname="DESKTOP-CM623GF" failures="0" tests="1" name="vidpitch.LoginF" time="24.394" errors="0" timestamp="2023-02-08T11:43:40 IST" skipped="0">
  <testcase classname="vidpitch.LoginF" name="loginf" time="24.394"/>
  <system-out/>
</testsuite> <!-- vidpitch.LoginF -->
