<?xml version="1.0" encoding="UTF-8"?>
<!-- Generated by org.testng.reporters.JUnitReportReporter -->
<testsuite hostname="DESKTOP-CM623GF" failures="0" tests="1" name="vidpitch.CheckGIFC" time="12.436" errors="0" timestamp="2023-02-02T13:22:18 IST" skipped="0">
  <testcase classname="vidpitch.CheckGIFC" name="checkVideo" time="12.436"/>
  <system-out/>
</testsuite> <!-- vidpitch.CheckGIFC -->
