<?xml version="1.0" encoding="UTF-8"?>
<!-- Generated by org.testng.reporters.JUnitReportReporter -->
<testsuite hostname="DESKTOP-CM623GF" failures="0" tests="1" name="Vipitch.Setup" time="7.513" errors="0" timestamp="2023-01-18T15:11:41 IST" skipped="0">
  <testcase classname="Vipitch.Setup" name="test" time="7.513"/>
  <system-out/>
</testsuite> <!-- Vipitch.Setup -->
