<?xml version="1.0" encoding="UTF-8"?>
<!-- Generated by org.testng.reporters.JUnitReportReporter -->
<testsuite hostname="DESKTOP-CM623GF" failures="0" tests="1" name="vidpitch.ModifyVideoF" time="117.552" errors="0" timestamp="2023-01-27T16:36:08 IST" skipped="0">
  <testcase classname="vidpitch.ModifyVideoF" name="modify" time="117.552"/>
  <system-out/>
</testsuite> <!-- vidpitch.ModifyVideoF -->
