<?xml version="1.0" encoding="UTF-8"?>
<!-- Generated by org.testng.reporters.JUnitReportReporter -->
<testsuite hostname="DESKTOP-CM623GF" failures="0" tests="1" name="vidpitch.CheckGIFC" time="19.905" errors="0" timestamp="2023-02-08T11:43:40 IST" skipped="0">
  <testcase classname="vidpitch.CheckGIFC" name="checkGifg" time="19.905"/>
  <system-out/>
</testsuite> <!-- vidpitch.CheckGIFC -->
