<?xml version="1.0" encoding="UTF-8"?>
<!-- Generated by org.testng.reporters.JUnitReportReporter -->
<testsuite hostname="DESKTOP-CM623GF" failures="0" tests="1" name="vidpitch.ModifyVideo" time="113.369" errors="0" timestamp="2023-02-06T17:04:49 IST" skipped="0">
  <testcase classname="vidpitch.ModifyVideo" name="modifyg" time="113.369"/>
  <system-out/>
</testsuite> <!-- vidpitch.ModifyVideo -->
