<?xml version="1.0" encoding="UTF-8"?>
<!-- Generated by org.testng.reporters.JUnitReportReporter -->
<testsuite hostname="DESKTOP-CM623GF" failures="0" tests="1" name="Vipitch.LoginF" time="14.034" errors="0" timestamp="2023-01-24T18:04:52 IST" skipped="0">
  <testcase classname="Vipitch.LoginF" name="test" time="14.034"/>
  <system-out/>
</testsuite> <!-- Vipitch.LoginF -->
