<?xml version="1.0" encoding="UTF-8"?>
<!-- Generated by org.testng.reporters.JUnitReportReporter -->
<testsuite hostname="DESKTOP-CM623GF" failures="0" tests="1" name="vidpitch.PurchaseVideo" time="30.298" errors="0" timestamp="2023-02-06T17:09:38 IST" skipped="0">
  <testcase classname="vidpitch.PurchaseVideo" name="purchaseg" time="30.298"/>
  <system-out/>
</testsuite> <!-- vidpitch.PurchaseVideo -->
