<?xml version="1.0" encoding="UTF-8"?>
<!-- Generated by org.testng.reporters.JUnitReportReporter -->
<testsuite hostname="DESKTOP-CM623GF" failures="0" tests="1" name="vidpitch.Login" time="11.645" errors="0" timestamp="2023-02-02T13:22:18 IST" skipped="0">
  <testcase classname="vidpitch.Login" name="test" time="11.645"/>
  <system-out/>
</testsuite> <!-- vidpitch.Login -->
