<?xml version="1.0" encoding="UTF-8"?>
<!-- Generated by org.testng.reporters.JUnitReportReporter -->
<testsuite hostname="DESKTOP-CM623GF" failures="0" tests="1" name="vidpitch.PurchaseVideo" time="29.370" errors="0" timestamp="2023-02-08T11:43:40 IST" skipped="0">
  <testcase classname="vidpitch.PurchaseVideo" name="purchaseg" time="29.370"/>
  <system-out/>
</testsuite> <!-- vidpitch.PurchaseVideo -->
