<?xml version="1.0" encoding="UTF-8"?>
<!-- Generated by org.testng.reporters.JUnitReportReporter -->
<testsuite hostname="DESKTOP-CM623GF" failures="0" tests="1" name="vidpitch.CheckGIFF" time="17.527" errors="0" timestamp="2023-02-03T15:28:24 IST" skipped="0">
  <testcase classname="vidpitch.CheckGIFF" name="checkgiff" time="17.527"/>
  <system-out/>
</testsuite> <!-- vidpitch.CheckGIFF -->
