<?xml version="1.0" encoding="UTF-8"?>
<!-- Generated by org.testng.reporters.JUnitReportReporter -->
<testsuite hostname="DESKTOP-CM623GF" failures="0" tests="1" name="vidpitch.CheckGIFF" time="15.468" errors="0" timestamp="2023-02-01T18:41:58 IST" skipped="0">
  <testcase classname="vidpitch.CheckGIFF" name="checkVideo" time="15.468"/>
  <system-out/>
</testsuite> <!-- vidpitch.CheckGIFF -->
