<?xml version="1.0" encoding="UTF-8"?>
<!-- Generated by org.testng.reporters.JUnitReportReporter -->
<testsuite hostname="DESKTOP-CM623GF" failures="0" tests="1" name="vidpitch.VideolistingF" time="24.884" errors="0" timestamp="2023-02-06T16:39:18 IST" skipped="0">
  <testcase classname="vidpitch.VideolistingF" name="checkVideof" time="24.884"/>
  <system-out/>
</testsuite> <!-- vidpitch.VideolistingF -->
