<?xml version="1.0" encoding="UTF-8"?>
<!-- Generated by org.testng.reporters.JUnitReportReporter -->
<testsuite hostname="DESKTOP-CM623GF" failures="0" tests="1" name="vidpitch.PurchaseVideoF" time="21.979" errors="0" timestamp="2023-02-02T13:22:18 IST" skipped="0">
  <testcase classname="vidpitch.PurchaseVideoF" name="modify" time="21.979"/>
  <system-out/>
</testsuite> <!-- vidpitch.PurchaseVideoF -->
