<?xml version="1.0" encoding="UTF-8"?>
<!-- Generated by org.testng.reporters.JUnitReportReporter -->
<testsuite hostname="DESKTOP-CM623GF" failures="0" tests="1" name="vidpitch.PurchaseVideo" time="22.198" errors="0" timestamp="2023-02-02T13:22:18 IST" skipped="0">
  <testcase classname="vidpitch.PurchaseVideo" name="modify" time="22.198"/>
  <system-out/>
</testsuite> <!-- vidpitch.PurchaseVideo -->
