<?xml version="1.0" encoding="UTF-8"?>
<!-- Generated by org.testng.reporters.JUnitReportReporter -->
<testsuite hostname="DESKTOP-CM623GF" failures="0" tests="1" name="vidpitch.VideolistingF" time="17.986" errors="0" timestamp="2023-01-30T18:19:09 IST" skipped="0">
  <testcase classname="vidpitch.VideolistingF" name="checkVideo" time="17.986"/>
  <system-out/>
</testsuite> <!-- vidpitch.VideolistingF -->
