<?xml version="1.0" encoding="UTF-8"?>
<!-- Generated by org.testng.reporters.JUnitReportReporter -->
<testsuite hostname="DESKTOP-CM623GF" failures="0" tests="1" name="Vipitch.VideolistingF" time="17.502" errors="0" timestamp="2023-01-24T18:04:52 IST" skipped="0">
  <testcase classname="Vipitch.VideolistingF" name="checkVideo" time="17.502"/>
  <system-out/>
</testsuite> <!-- Vipitch.VideolistingF -->
