<?xml version="1.0" encoding="UTF-8"?>
<!-- Generated by org.testng.reporters.JUnitReportReporter -->
<testsuite hostname="DESKTOP-CM623GF" failures="0" tests="1" name="vidpitch.ModifyVideoF" time="125.649" errors="0" timestamp="2023-01-30T18:19:09 IST" skipped="0">
  <testcase classname="vidpitch.ModifyVideoF" name="modify" time="125.649"/>
  <system-out/>
</testsuite> <!-- vidpitch.ModifyVideoF -->
