<?xml version="1.0" encoding="UTF-8"?>
<!-- Generated by org.testng.reporters.JUnitReportReporter -->
<testsuite hostname="DESKTOP-CM623GF" failures="0" tests="1" name="vidpitch.Login" time="14.686" errors="0" timestamp="2023-02-06T16:39:18 IST" skipped="0">
  <testcase classname="vidpitch.Login" name="loging" time="14.686"/>
  <system-out/>
</testsuite> <!-- vidpitch.Login -->
