<?xml version="1.0" encoding="UTF-8"?>
<!-- Generated by org.testng.reporters.JUnitReportReporter -->
<testsuite hostname="DESKTOP-CM623GF" failures="0" tests="1" name="Vipitch.ModifyVideo" time="101.224" errors="0" timestamp="2023-01-24T18:14:58 IST" skipped="0">
  <testcase classname="Vipitch.ModifyVideo" name="modify" time="101.224"/>
  <system-out/>
</testsuite> <!-- Vipitch.ModifyVideo -->
