<?xml version="1.0" encoding="UTF-8"?>
<!-- Generated by org.testng.reporters.JUnitReportReporter -->
<testsuite hostname="DESKTOP-CM623GF" failures="0" tests="1" name="vidpitch.ModifyVideo" time="107.061" errors="0" timestamp="2023-02-01T18:41:59 IST" skipped="0">
  <testcase classname="vidpitch.ModifyVideo" name="modify" time="107.061"/>
  <system-out/>
</testsuite> <!-- vidpitch.ModifyVideo -->
