<?xml version="1.0" encoding="UTF-8"?>
<!-- Generated by org.testng.reporters.JUnitReportReporter -->
<testsuite hostname="DESKTOP-CM623GF" failures="0" tests="1" name="vidpitch.CheckGIFC" time="7.430" errors="0" timestamp="2023-02-02T15:21:09 IST" skipped="0">
  <testcase classname="vidpitch.CheckGIFC" name="checkVideo" time="7.430"/>
  <system-out/>
</testsuite> <!-- vidpitch.CheckGIFC -->
