<?xml version="1.0" encoding="UTF-8"?>
<!-- Generated by org.testng.reporters.JUnitReportReporter -->
<testsuite hostname="DESKTOP-CM623GF" failures="0" tests="1" name="Vipitch.Debug" time="144.449" errors="0" timestamp="2023-01-25T10:32:24 IST" skipped="0">
  <testcase classname="Vipitch.Debug" name="debug" time="144.449"/>
  <system-out/>
</testsuite> <!-- Vipitch.Debug -->
