<?xml version="1.0" encoding="UTF-8"?>
<!-- Generated by org.testng.reporters.JUnitReportReporter -->
<testsuite hostname="DESKTOP-CM623GF" failures="0" tests="1" name="vidpitch.PurchaseVideoF" time="17.919" errors="0" timestamp="2023-01-27T16:36:08 IST" skipped="0">
  <testcase classname="vidpitch.PurchaseVideoF" name="modify" time="17.919"/>
  <system-out/>
</testsuite> <!-- vidpitch.PurchaseVideoF -->
