<?xml version="1.0" encoding="UTF-8"?>
<!-- Generated by org.testng.reporters.JUnitReportReporter -->
<testsuite hostname="DESKTOP-CM623GF" failures="0" tests="1" name="Vipitch.DownloadVideo" time="13.915" errors="0" timestamp="2023-01-25T14:33:04 IST" skipped="0">
  <testcase classname="Vipitch.DownloadVideo" name="dowbloadvideoafterpurchase" time="13.915"/>
  <system-out/>
</testsuite> <!-- Vipitch.DownloadVideo -->
