<?xml version="1.0" encoding="UTF-8"?>
<!-- Generated by org.testng.reporters.JUnitReportReporter -->
<testsuite hostname="DESKTOP-CM623GF" failures="0" tests="1" name="Vipitch.CheckGIF" time="6.697" errors="0" timestamp="2023-01-24T18:14:58 IST" skipped="0">
  <testcase classname="Vipitch.CheckGIF" name="checkVideo" time="6.697"/>
  <system-out/>
</testsuite> <!-- Vipitch.CheckGIF -->
