<?xml version="1.0" encoding="UTF-8"?>
<!-- Generated by org.testng.reporters.JUnitReportReporter -->
<testsuite hostname="DESKTOP-CM623GF" failures="0" tests="1" name="Vipitch.Setup" time="6.860" errors="0" timestamp="18 Jan 2023 08:28:28 GMT" skipped="0">
  <testcase classname="Vipitch.Setup" name="test" time="6.860"/>
</testsuite> <!-- Vipitch.Setup -->
